[0.565s] Invoking command in '/Users/koizumihinata/drone_avoidance_rl/build/drone_msgs': SHLVL=2 _=/usr/bin/env /opt/homebrew/bin/cmake /Users/koizumihinata/drone_avoidance_rl/src/drone_msgs -DCMAKE_INSTALL_PREFIX=/Users/koizumihinata/drone_avoidance_rl/install/drone_msgs
[0.778s] CMake Deprecation Warning at CMakeLists.txt:1 (cmake_minimum_required):
[0.779s]   Compatibility with CMake < 3.10 will be removed from a future version of
[0.779s]   CMake.
[0.779s] 
[0.780s]   Update the VERSION argument <min> value.  Or, use the <min>...<max> syntax
[0.780s]   to tell CMake that the project requires at least <min> but has been updated
[0.780s]   to work with policies introduced by <max> or earlier.
[0.780s] 
[0.780s] 
[6.813s] -- The C compiler identification is AppleClang 17.0.0.17000013
[6.931s] -- The CXX compiler identification is AppleClang 17.0.0.17000013
[6.950s] -- Detecting C compiler ABI info
[7.384s] -- Detecting C compiler ABI info - done
[7.420s] -- Check for working C compiler: /Library/Developer/CommandLineTools/usr/bin/cc - skipped
[7.422s] -- Detecting C compile features
[7.422s] -- Detecting C compile features - done
[7.431s] -- Detecting CXX compiler ABI info
[7.710s] -- Detecting CXX compiler ABI info - done
[7.736s] -- Check for working CXX compiler: /Library/Developer/CommandLineTools/usr/bin/c++ - skipped
[7.737s] -- Detecting CXX compile features
[7.738s] -- Detecting CXX compile features - done
[7.782s] CMake Error at CMakeLists.txt:4 (find_package):
[7.782s]   By not providing "Findament_cmake.cmake" in CMAKE_MODULE_PATH this project
[7.783s]   has asked CMake to find a package configuration file provided by
[7.783s]   "ament_cmake", but CMake did not find one.
[7.783s] 
[7.783s]   Could not find a package configuration file provided by "ament_cmake" with
[7.783s]   any of the following names:
[7.783s] 
[7.783s]     ament_cmakeConfig.cmake
[7.783s]     ament_cmake-config.cmake
[7.783s] 
[7.783s]   Add the installation prefix of "ament_cmake" to CMAKE_PREFIX_PATH or set
[7.784s]   "ament_cmake_DIR" to a directory containing one of the above files.  If
[7.784s]   "ament_cmake" provides a separate development package or SDK, be sure it
[7.784s]   has been installed.
[7.784s] 
[7.784s] 
[7.784s] -- Configuring incomplete, errors occurred!
[7.788s] Invoked command in '/Users/koizumihinata/drone_avoidance_rl/build/drone_msgs' returned '1': SHLVL=2 _=/usr/bin/env /opt/homebrew/bin/cmake /Users/koizumihinata/drone_avoidance_rl/src/drone_msgs -DCMAKE_INSTALL_PREFIX=/Users/koizumihinata/drone_avoidance_rl/install/drone_msgs
