[1.056s] Invoking command in '/Users/koizumihinata/drone_avoidance_rl/build/angle_bridge': PYTHONPATH=/Users/koizumihinata/drone_avoidance_rl/build/angle_bridge/prefix_override:/Users/koizumihinata/.pyenv/versions/3.12.0/lib/python3.12/site-packages/colcon_core/task/python/colcon_distutils_commands:/Users/koizumihinata/drone_avoidance_rl/install/angle_bridge/lib/python3.12/site-packages: SHLVL=2 _=/usr/bin/env /Users/koizumihinata/.pyenv/versions/3.12.0/bin/python -W ignore:setup.py install is deprecated -W ignore:easy_install command is deprecated setup.py develop --editable --build-directory /Users/koizumihinata/drone_avoidance_rl/build/angle_bridge/build --no-deps
[1.307s] /Users/koizumihinata/.pyenv/versions/3.12.0/lib/python3.12/site-packages/setuptools/_distutils/dist.py:270: UserWarning: Unknown distribution option: 'tests_require'
[1.308s]   warnings.warn(msg)
[1.441s] running develop
[1.562s] running egg_info
[1.583s] creating angle_bridge.egg-info
[1.584s] writing angle_bridge.egg-info/PKG-INFO
[1.593s] writing dependency_links to angle_bridge.egg-info/dependency_links.txt
[1.593s] writing entry points to angle_bridge.egg-info/entry_points.txt
[1.593s] writing requirements to angle_bridge.egg-info/requires.txt
[1.593s] writing top-level names to angle_bridge.egg-info/top_level.txt
[1.597s] writing manifest file 'angle_bridge.egg-info/SOURCES.txt'
[1.626s] reading manifest file 'angle_bridge.egg-info/SOURCES.txt'
[1.626s] writing manifest file 'angle_bridge.egg-info/SOURCES.txt'
[1.651s] running build_ext
[1.653s] Creating /Users/koizumihinata/drone_avoidance_rl/install/angle_bridge/lib/python3.12/site-packages/angle-bridge.egg-link (link to .)
[1.656s] Installing angle_bridge_node script to /Users/koizumihinata/drone_avoidance_rl/install/angle_bridge/bin
[1.663s] 
[1.663s] Installed /Users/koizumihinata/drone_avoidance_rl/build/angle_bridge
[1.737s] Invoked command in '/Users/koizumihinata/drone_avoidance_rl/build/angle_bridge' returned '0': PYTHONPATH=/Users/koizumihinata/drone_avoidance_rl/build/angle_bridge/prefix_override:/Users/koizumihinata/.pyenv/versions/3.12.0/lib/python3.12/site-packages/colcon_core/task/python/colcon_distutils_commands:/Users/koizumihinata/drone_avoidance_rl/install/angle_bridge/lib/python3.12/site-packages: SHLVL=2 _=/usr/bin/env /Users/koizumihinata/.pyenv/versions/3.12.0/bin/python -W ignore:setup.py install is deprecated -W ignore:easy_install command is deprecated setup.py develop --editable --build-directory /Users/koizumihinata/drone_avoidance_rl/build/angle_bridge/build --no-deps
