/Users/koizumihinata/.pyenv/versions/3.12.0/lib/python3.12/site-packages/setuptools/_distutils/dist.py:270: UserWarning: Unknown distribution option: 'tests_require'
  warnings.warn(msg)
running develop
running egg_info
creating outer_motor_bridge.egg-info
writing outer_motor_bridge.egg-info/PKG-INFO
writing dependency_links to outer_motor_bridge.egg-info/dependency_links.txt
writing entry points to outer_motor_bridge.egg-info/entry_points.txt
writing requirements to outer_motor_bridge.egg-info/requires.txt
writing top-level names to outer_motor_bridge.egg-info/top_level.txt
writing manifest file 'outer_motor_bridge.egg-info/SOURCES.txt'
reading manifest file 'outer_motor_bridge.egg-info/SOURCES.txt'
writing manifest file 'outer_motor_bridge.egg-info/SOURCES.txt'
running build_ext
Creating /Users/koizumihinata/drone_avoidance_rl/install/outer_motor_bridge/lib/python3.12/site-packages/outer-motor-bridge.egg-link (link to .)
Installing outer_motor_bridge_node script to /Users/koizumihinata/drone_avoidance_rl/install/outer_motor_bridge/bin

Installed /Users/koizumihinata/drone_avoidance_rl/build/outer_motor_bridge
running symlink_data
creating /Users/koizumihinata/drone_avoidance_rl/install/outer_motor_bridge/share/outer_motor_bridge
symbolically linking /Users/koizumihinata/drone_avoidance_rl/build/outer_motor_bridge/package.xml -> /Users/koizumihinata/drone_avoidance_rl/install/outer_motor_bridge/share/outer_motor_bridge
creating /Users/koizumihinata/drone_avoidance_rl/install/outer_motor_bridge/share/outer_motor_bridge/resource
symbolically linking /Users/koizumihinata/drone_avoidance_rl/build/outer_motor_bridge/resource/outer_motor_bridge -> /Users/koizumihinata/drone_avoidance_rl/install/outer_motor_bridge/share/outer_motor_bridge/resource
