[0.777s] Invoking command in '/Users/koizumihinata/drone_avoidance_rl/build/sim_launch': SHLVL=2 _=/usr/bin/env /opt/homebrew/bin/cmake /Users/koizumihinata/drone_avoidance_rl/src/sim_launch -DCMAKE_INSTALL_PREFIX=/Users/koizumihinata/drone_avoidance_rl/install/sim_launch
[1.024s] CMake Deprecation Warning at CMakeLists.txt:1 (cmake_minimum_required):
[1.031s]   Compatibility with CMake < 3.10 will be removed from a future version of
[1.031s]   CMake.
[1.031s] 
[1.031s]   Update the VERSION argument <min> value.  Or, use the <min>...<max> syntax
[1.031s]   to tell CMake that the project requires at least <min> but has been updated
[1.031s]   to work with policies introduced by <max> or earlier.
[1.031s] 
[1.032s] 
[6.799s] -- The C compiler identification is AppleClang 17.0.0.17000013
[6.917s] -- The CXX compiler identification is AppleClang 17.0.0.17000013
[6.936s] -- Detecting C compiler ABI info
[7.368s] -- Detecting C compiler ABI info - done
[7.405s] -- Check for working C compiler: /Library/Developer/CommandLineTools/usr/bin/cc - skipped
[7.406s] -- Detecting C compile features
[7.408s] -- Detecting C compile features - done
[7.417s] -- Detecting CXX compiler ABI info
[7.696s] -- Detecting CXX compiler ABI info - done
[7.722s] -- Check for working CXX compiler: /Library/Developer/CommandLineTools/usr/bin/c++ - skipped
[7.723s] -- Detecting CXX compile features
[7.724s] -- Detecting CXX compile features - done
[7.771s] CMake Error at CMakeLists.txt:4 (find_package):
[7.772s]   By not providing "Findament_cmake.cmake" in CMAKE_MODULE_PATH this project
[7.772s]   has asked CMake to find a package configuration file provided by
[7.772s]   "ament_cmake", but CMake did not find one.
[7.772s] 
[7.772s]   Could not find a package configuration file provided by "ament_cmake" with
[7.772s]   any of the following names:
[7.772s] 
[7.772s]     ament_cmakeConfig.cmake
[7.773s]     ament_cmake-config.cmake
[7.773s] 
[7.773s]   Add the installation prefix of "ament_cmake" to CMAKE_PREFIX_PATH or set
[7.773s]   "ament_cmake_DIR" to a directory containing one of the above files.  If
[7.773s]   "ament_cmake" provides a separate development package or SDK, be sure it
[7.773s]   has been installed.
[7.773s] 
[7.773s] 
[7.773s] -- Configuring incomplete, errors occurred!
[7.776s] Invoked command in '/Users/koizumihinata/drone_avoidance_rl/build/sim_launch' returned '1': SHLVL=2 _=/usr/bin/env /opt/homebrew/bin/cmake /Users/koizumihinata/drone_avoidance_rl/src/sim_launch -DCMAKE_INSTALL_PREFIX=/Users/koizumihinata/drone_avoidance_rl/install/sim_launch
