[0.291s] Invoking command in '/workspace/src/sim_launch': PYTHONPATH=/workspace/build/sim_launch/prefix_override:/usr/lib/python3/dist-packages/colcon_core/task/python/colcon_distutils_commands:/workspace/install/lib/python3.10/site-packages:${PYTHONPATH} /usr/bin/python3 -W ignore:setup.py install is deprecated -W ignore:easy_install command is deprecated setup.py egg_info --egg-base ../../build/sim_launch build --build-base /workspace/build/sim_launch/build install --record /workspace/build/sim_launch/install.log --install-scripts $base/lib/sim_launch --single-version-externally-managed install_data
[0.392s] /usr/lib/python3/dist-packages/setuptools/dist.py:723: UserWarning: Usage of dash-separated 'script-dir' will not be supported in future versions. Please use the underscore name 'script_dir' instead
[0.392s]   warnings.warn(
[0.398s] running egg_info
[0.398s] creating ../../build/sim_launch/sim_launch.egg-info
[0.398s] writing ../../build/sim_launch/sim_launch.egg-info/PKG-INFO
[0.399s] writing dependency_links to ../../build/sim_launch/sim_launch.egg-info/dependency_links.txt
[0.400s] writing entry points to ../../build/sim_launch/sim_launch.egg-info/entry_points.txt
[0.400s] writing requirements to ../../build/sim_launch/sim_launch.egg-info/requires.txt
[0.401s] writing top-level names to ../../build/sim_launch/sim_launch.egg-info/top_level.txt
[0.401s] writing manifest file '../../build/sim_launch/sim_launch.egg-info/SOURCES.txt'
[0.403s] reading manifest file '../../build/sim_launch/sim_launch.egg-info/SOURCES.txt'
[0.404s] writing manifest file '../../build/sim_launch/sim_launch.egg-info/SOURCES.txt'
[0.404s] running build
[0.405s] running build_py
[0.405s] creating /workspace/build/sim_launch/build
[0.406s] creating /workspace/build/sim_launch/build/lib
[0.406s] creating /workspace/build/sim_launch/build/lib/sim_launch
[0.406s] copying sim_launch/e2e_test.py -> /workspace/build/sim_launch/build/lib/sim_launch
[0.407s] copying sim_launch/__init__.py -> /workspace/build/sim_launch/build/lib/sim_launch
[0.408s] running install
[0.408s] running install_lib
[0.409s] creating /workspace/install/lib/python3.10/site-packages/sim_launch
[0.409s] copying /workspace/build/sim_launch/build/lib/sim_launch/e2e_test.py -> /workspace/install/lib/python3.10/site-packages/sim_launch
[0.410s] copying /workspace/build/sim_launch/build/lib/sim_launch/__init__.py -> /workspace/install/lib/python3.10/site-packages/sim_launch
[0.411s] byte-compiling /workspace/install/lib/python3.10/site-packages/sim_launch/e2e_test.py to e2e_test.cpython-310.pyc
[0.412s] byte-compiling /workspace/install/lib/python3.10/site-packages/sim_launch/__init__.py to __init__.cpython-310.pyc
[0.413s] running install_data
[0.413s] copying package.xml -> /workspace/install/share/sim_launch
[0.414s] creating /workspace/install/share/sim_launch/launch
[0.414s] copying launch/bridge_launch.py -> /workspace/install/share/sim_launch/launch
[0.415s] copying launch/sim_all.launch.py -> /workspace/install/share/sim_launch/launch
[0.416s] creating /workspace/install/share/ament_index
[0.416s] creating /workspace/install/share/ament_index/resource_index
[0.417s] creating /workspace/install/share/ament_index/resource_index/packages
[0.417s] copying resource/sim_launch -> /workspace/install/share/ament_index/resource_index/packages
[0.419s] running install_egg_info
[0.419s] Copying ../../build/sim_launch/sim_launch.egg-info to /workspace/install/lib/python3.10/site-packages/sim_launch-0.0.1-py3.10.egg-info
[0.425s] running install_scripts
[0.436s] Installing e2e_test script to /workspace/install/lib/sim_launch
[0.437s] writing list of installed files to '/workspace/build/sim_launch/install.log'
[0.453s] Invoked command in '/workspace/src/sim_launch' returned '0': PYTHONPATH=/workspace/build/sim_launch/prefix_override:/usr/lib/python3/dist-packages/colcon_core/task/python/colcon_distutils_commands:/workspace/install/lib/python3.10/site-packages:${PYTHONPATH} /usr/bin/python3 -W ignore:setup.py install is deprecated -W ignore:easy_install command is deprecated setup.py egg_info --egg-base ../../build/sim_launch build --build-base /workspace/build/sim_launch/build install --record /workspace/build/sim_launch/install.log --install-scripts $base/lib/sim_launch --single-version-externally-managed install_data
