[0.386s] DEBUG:colcon:Command line arguments: ['/usr/bin/colcon', 'list', '-p', '--base-paths', '/workspace']
[0.387s] DEBUG:colcon:Parsed command line arguments: Namespace(log_base=None, log_level=None, verb_name='list', build_base='build', ignore_user_meta=False, metas=['./colcon.meta'], base_paths=['/workspace'], packages_ignore=None, packages_ignore_regex=None, paths=None, packages_up_to=None, packages_up_to_regex=None, packages_above=None, packages_above_and_dependencies=None, packages_above_depth=None, packages_select_by_dep=None, packages_skip_by_dep=None, packages_skip_up_to=None, packages_select_build_failed=False, packages_skip_build_finished=False, packages_select_test_failures=False, packages_skip_test_passed=False, packages_select=None, packages_skip=None, packages_select_regex=None, packages_skip_regex=None, packages_start=None, packages_end=None, topological_order=False, names_only=False, paths_only=True, topological_graph=False, topological_graph_dot=False, topological_graph_density=False, topological_graph_legend=False, topological_graph_dot_cluster=False, topological_graph_dot_include_skipped=False, mixin_files=None, mixin=None, verb_parser=<colcon_mixin.mixin.mixin_argument.MixinArgumentDecorator object at 0xffffb8f10190>, verb_extension=<colcon_package_information.verb.list.ListVerb object at 0xffffb8edef20>, main=<bound method ListVerb.main of <colcon_package_information.verb.list.ListVerb object at 0xffffb8edef20>>, mixin_verb=('list',))
[0.587s] Level 1:colcon.colcon_core.package_discovery:discover_packages(colcon_meta) check parameters
[0.588s] INFO:colcon.colcon_metadata.package_discovery.colcon_meta:Using configuration from '/root/.colcon/metadata/default/Gazebo.meta'
[0.590s] INFO:colcon.colcon_metadata.package_discovery.colcon_meta:Using configuration from '/root/.colcon/metadata/default/fastrtps.meta'
[0.590s] Level 1:colcon.colcon_core.package_discovery:discover_packages(recursive) check parameters
[0.591s] Level 1:colcon.colcon_core.package_discovery:discover_packages(ignore) check parameters
[0.591s] Level 1:colcon.colcon_core.package_discovery:discover_packages(path) check parameters
[0.591s] Level 1:colcon.colcon_core.package_discovery:discover_packages(recursive) discover
[0.591s] INFO:colcon.colcon_core.package_discovery:Crawling recursively for packages in '/workspace'
[0.592s] Level 1:colcon.colcon_core.package_identification:_identify(/workspace) by extensions ['ignore', 'ignore_ament_install']
[0.592s] Level 1:colcon.colcon_core.package_identification:_identify(/workspace) by extension 'ignore'
[0.592s] Level 1:colcon.colcon_core.package_identification:_identify(/workspace) by extension 'ignore_ament_install'
[0.592s] Level 1:colcon.colcon_core.package_identification:_identify(/workspace) by extensions ['colcon_pkg']
[0.593s] Level 1:colcon.colcon_core.package_identification:_identify(/workspace) by extension 'colcon_pkg'
[0.593s] Level 1:colcon.colcon_core.package_identification:_identify(/workspace) by extensions ['colcon_meta']
[0.593s] Level 1:colcon.colcon_core.package_identification:_identify(/workspace) by extension 'colcon_meta'
[0.593s] Level 1:colcon.colcon_core.package_identification:_identify(/workspace) by extensions ['ros']
[0.593s] Level 1:colcon.colcon_core.package_identification:_identify(/workspace) by extension 'ros'
[0.602s] Level 1:colcon.colcon_core.package_identification:_identify(/workspace) by extensions ['cmake', 'python']
[0.602s] Level 1:colcon.colcon_core.package_identification:_identify(/workspace) by extension 'cmake'
[0.603s] Level 1:colcon.colcon_core.package_identification:_identify(/workspace) by extension 'python'
[0.603s] Level 1:colcon.colcon_core.package_identification:_identify(/workspace) by extensions ['python_setup_py']
[0.603s] Level 1:colcon.colcon_core.package_identification:_identify(/workspace) by extension 'python_setup_py'
[0.604s] Level 1:colcon.colcon_core.package_identification:_identify(/workspace/build) by extensions ['ignore', 'ignore_ament_install']
[0.604s] Level 1:colcon.colcon_core.package_identification:_identify(/workspace/build) by extension 'ignore'
[0.605s] Level 1:colcon.colcon_core.package_identification:_identify(/workspace/build) ignored
[0.605s] Level 1:colcon.colcon_core.package_identification:_identify(/workspace/custom_airframes) by extensions ['ignore', 'ignore_ament_install']
[0.605s] Level 1:colcon.colcon_core.package_identification:_identify(/workspace/custom_airframes) by extension 'ignore'
[0.606s] Level 1:colcon.colcon_core.package_identification:_identify(/workspace/custom_airframes) by extension 'ignore_ament_install'
[0.606s] Level 1:colcon.colcon_core.package_identification:_identify(/workspace/custom_airframes) by extensions ['colcon_pkg']
[0.606s] Level 1:colcon.colcon_core.package_identification:_identify(/workspace/custom_airframes) by extension 'colcon_pkg'
[0.606s] Level 1:colcon.colcon_core.package_identification:_identify(/workspace/custom_airframes) by extensions ['colcon_meta']
[0.606s] Level 1:colcon.colcon_core.package_identification:_identify(/workspace/custom_airframes) by extension 'colcon_meta'
[0.606s] Level 1:colcon.colcon_core.package_identification:_identify(/workspace/custom_airframes) by extensions ['ros']
[0.606s] Level 1:colcon.colcon_core.package_identification:_identify(/workspace/custom_airframes) by extension 'ros'
[0.607s] Level 1:colcon.colcon_core.package_identification:_identify(/workspace/custom_airframes) by extensions ['cmake', 'python']
[0.607s] Level 1:colcon.colcon_core.package_identification:_identify(/workspace/custom_airframes) by extension 'cmake'
[0.607s] Level 1:colcon.colcon_core.package_identification:_identify(/workspace/custom_airframes) by extension 'python'
[0.607s] Level 1:colcon.colcon_core.package_identification:_identify(/workspace/custom_airframes) by extensions ['python_setup_py']
[0.607s] Level 1:colcon.colcon_core.package_identification:_identify(/workspace/custom_airframes) by extension 'python_setup_py'
[0.608s] Level 1:colcon.colcon_core.package_identification:_identify(/workspace/custom_model) by extensions ['ignore', 'ignore_ament_install']
[0.608s] Level 1:colcon.colcon_core.package_identification:_identify(/workspace/custom_model) by extension 'ignore'
[0.608s] Level 1:colcon.colcon_core.package_identification:_identify(/workspace/custom_model) by extension 'ignore_ament_install'
[0.609s] Level 1:colcon.colcon_core.package_identification:_identify(/workspace/custom_model) by extensions ['colcon_pkg']
[0.609s] Level 1:colcon.colcon_core.package_identification:_identify(/workspace/custom_model) by extension 'colcon_pkg'
[0.609s] Level 1:colcon.colcon_core.package_identification:_identify(/workspace/custom_model) by extensions ['colcon_meta']
[0.609s] Level 1:colcon.colcon_core.package_identification:_identify(/workspace/custom_model) by extension 'colcon_meta'
[0.609s] Level 1:colcon.colcon_core.package_identification:_identify(/workspace/custom_model) by extensions ['ros']
[0.609s] Level 1:colcon.colcon_core.package_identification:_identify(/workspace/custom_model) by extension 'ros'
[0.610s] Level 1:colcon.colcon_core.package_identification:_identify(/workspace/custom_model) by extensions ['cmake', 'python']
[0.610s] Level 1:colcon.colcon_core.package_identification:_identify(/workspace/custom_model) by extension 'cmake'
[0.610s] Level 1:colcon.colcon_core.package_identification:_identify(/workspace/custom_model) by extension 'python'
[0.610s] Level 1:colcon.colcon_core.package_identification:_identify(/workspace/custom_model) by extensions ['python_setup_py']
[0.610s] Level 1:colcon.colcon_core.package_identification:_identify(/workspace/custom_model) by extension 'python_setup_py'
[0.611s] Level 1:colcon.colcon_core.package_identification:_identify(/workspace/custom_model/drone_model) by extensions ['ignore', 'ignore_ament_install']
[0.611s] Level 1:colcon.colcon_core.package_identification:_identify(/workspace/custom_model/drone_model) by extension 'ignore'
[0.611s] Level 1:colcon.colcon_core.package_identification:_identify(/workspace/custom_model/drone_model) by extension 'ignore_ament_install'
[0.611s] Level 1:colcon.colcon_core.package_identification:_identify(/workspace/custom_model/drone_model) by extensions ['colcon_pkg']
[0.611s] Level 1:colcon.colcon_core.package_identification:_identify(/workspace/custom_model/drone_model) by extension 'colcon_pkg'
[0.611s] Level 1:colcon.colcon_core.package_identification:_identify(/workspace/custom_model/drone_model) by extensions ['colcon_meta']
[0.611s] Level 1:colcon.colcon_core.package_identification:_identify(/workspace/custom_model/drone_model) by extension 'colcon_meta'
[0.611s] Level 1:colcon.colcon_core.package_identification:_identify(/workspace/custom_model/drone_model) by extensions ['ros']
[0.612s] Level 1:colcon.colcon_core.package_identification:_identify(/workspace/custom_model/drone_model) by extension 'ros'
[0.612s] Level 1:colcon.colcon_core.package_identification:_identify(/workspace/custom_model/drone_model) by extensions ['cmake', 'python']
[0.612s] Level 1:colcon.colcon_core.package_identification:_identify(/workspace/custom_model/drone_model) by extension 'cmake'
[0.612s] Level 1:colcon.colcon_core.package_identification:_identify(/workspace/custom_model/drone_model) by extension 'python'
[0.612s] Level 1:colcon.colcon_core.package_identification:_identify(/workspace/custom_model/drone_model) by extensions ['python_setup_py']
[0.612s] Level 1:colcon.colcon_core.package_identification:_identify(/workspace/custom_model/drone_model) by extension 'python_setup_py'
[0.613s] Level 1:colcon.colcon_core.package_identification:_identify(/workspace/docker) by extensions ['ignore', 'ignore_ament_install']
[0.613s] Level 1:colcon.colcon_core.package_identification:_identify(/workspace/docker) by extension 'ignore'
[0.613s] Level 1:colcon.colcon_core.package_identification:_identify(/workspace/docker) by extension 'ignore_ament_install'
[0.613s] Level 1:colcon.colcon_core.package_identification:_identify(/workspace/docker) by extensions ['colcon_pkg']
[0.613s] Level 1:colcon.colcon_core.package_identification:_identify(/workspace/docker) by extension 'colcon_pkg'
[0.613s] Level 1:colcon.colcon_core.package_identification:_identify(/workspace/docker) by extensions ['colcon_meta']
[0.614s] Level 1:colcon.colcon_core.package_identification:_identify(/workspace/docker) by extension 'colcon_meta'
[0.614s] Level 1:colcon.colcon_core.package_identification:_identify(/workspace/docker) by extensions ['ros']
[0.614s] Level 1:colcon.colcon_core.package_identification:_identify(/workspace/docker) by extension 'ros'
[0.614s] Level 1:colcon.colcon_core.package_identification:_identify(/workspace/docker) by extensions ['cmake', 'python']
[0.614s] Level 1:colcon.colcon_core.package_identification:_identify(/workspace/docker) by extension 'cmake'
[0.614s] Level 1:colcon.colcon_core.package_identification:_identify(/workspace/docker) by extension 'python'
[0.614s] Level 1:colcon.colcon_core.package_identification:_identify(/workspace/docker) by extensions ['python_setup_py']
[0.614s] Level 1:colcon.colcon_core.package_identification:_identify(/workspace/docker) by extension 'python_setup_py'
[0.615s] Level 1:colcon.colcon_core.package_identification:_identify(/workspace/docker/px4-bridge) by extensions ['ignore', 'ignore_ament_install']
[0.615s] Level 1:colcon.colcon_core.package_identification:_identify(/workspace/docker/px4-bridge) by extension 'ignore'
[0.615s] Level 1:colcon.colcon_core.package_identification:_identify(/workspace/docker/px4-bridge) by extension 'ignore_ament_install'
[0.615s] Level 1:colcon.colcon_core.package_identification:_identify(/workspace/docker/px4-bridge) by extensions ['colcon_pkg']
[0.615s] Level 1:colcon.colcon_core.package_identification:_identify(/workspace/docker/px4-bridge) by extension 'colcon_pkg'
[0.616s] Level 1:colcon.colcon_core.package_identification:_identify(/workspace/docker/px4-bridge) by extensions ['colcon_meta']
[0.616s] Level 1:colcon.colcon_core.package_identification:_identify(/workspace/docker/px4-bridge) by extension 'colcon_meta'
[0.616s] Level 1:colcon.colcon_core.package_identification:_identify(/workspace/docker/px4-bridge) by extensions ['ros']
[0.616s] Level 1:colcon.colcon_core.package_identification:_identify(/workspace/docker/px4-bridge) by extension 'ros'
[0.618s] Level 1:colcon.colcon_core.package_identification:_identify(/workspace/docker/px4-bridge) by extensions ['cmake', 'python']
[0.619s] Level 1:colcon.colcon_core.package_identification:_identify(/workspace/docker/px4-bridge) by extension 'cmake'
[0.620s] Level 1:colcon.colcon_core.package_identification:_identify(/workspace/docker/px4-bridge) by extension 'python'
[0.620s] Level 1:colcon.colcon_core.package_identification:_identify(/workspace/docker/px4-bridge) by extensions ['python_setup_py']
[0.621s] Level 1:colcon.colcon_core.package_identification:_identify(/workspace/docker/px4-bridge) by extension 'python_setup_py'
[0.621s] Level 1:colcon.colcon_core.package_identification:_identify(/workspace/docker/px4-ros2-base) by extensions ['ignore', 'ignore_ament_install']
[0.621s] Level 1:colcon.colcon_core.package_identification:_identify(/workspace/docker/px4-ros2-base) by extension 'ignore'
[0.621s] Level 1:colcon.colcon_core.package_identification:_identify(/workspace/docker/px4-ros2-base) by extension 'ignore_ament_install'
[0.622s] Level 1:colcon.colcon_core.package_identification:_identify(/workspace/docker/px4-ros2-base) by extensions ['colcon_pkg']
[0.622s] Level 1:colcon.colcon_core.package_identification:_identify(/workspace/docker/px4-ros2-base) by extension 'colcon_pkg'
[0.622s] Level 1:colcon.colcon_core.package_identification:_identify(/workspace/docker/px4-ros2-base) by extensions ['colcon_meta']
[0.622s] Level 1:colcon.colcon_core.package_identification:_identify(/workspace/docker/px4-ros2-base) by extension 'colcon_meta'
[0.622s] Level 1:colcon.colcon_core.package_identification:_identify(/workspace/docker/px4-ros2-base) by extensions ['ros']
[0.622s] Level 1:colcon.colcon_core.package_identification:_identify(/workspace/docker/px4-ros2-base) by extension 'ros'
[0.623s] Level 1:colcon.colcon_core.package_identification:_identify(/workspace/docker/px4-ros2-base) by extensions ['cmake', 'python']
[0.623s] Level 1:colcon.colcon_core.package_identification:_identify(/workspace/docker/px4-ros2-base) by extension 'cmake'
[0.623s] Level 1:colcon.colcon_core.package_identification:_identify(/workspace/docker/px4-ros2-base) by extension 'python'
[0.624s] Level 1:colcon.colcon_core.package_identification:_identify(/workspace/docker/px4-ros2-base) by extensions ['python_setup_py']
[0.624s] Level 1:colcon.colcon_core.package_identification:_identify(/workspace/docker/px4-ros2-base) by extension 'python_setup_py'
[0.625s] Level 1:colcon.colcon_core.package_identification:_identify(/workspace/docker/px4-simulator) by extensions ['ignore', 'ignore_ament_install']
[0.625s] Level 1:colcon.colcon_core.package_identification:_identify(/workspace/docker/px4-simulator) by extension 'ignore'
[0.625s] Level 1:colcon.colcon_core.package_identification:_identify(/workspace/docker/px4-simulator) by extension 'ignore_ament_install'
[0.626s] Level 1:colcon.colcon_core.package_identification:_identify(/workspace/docker/px4-simulator) by extensions ['colcon_pkg']
[0.626s] Level 1:colcon.colcon_core.package_identification:_identify(/workspace/docker/px4-simulator) by extension 'colcon_pkg'
[0.626s] Level 1:colcon.colcon_core.package_identification:_identify(/workspace/docker/px4-simulator) by extensions ['colcon_meta']
[0.626s] Level 1:colcon.colcon_core.package_identification:_identify(/workspace/docker/px4-simulator) by extension 'colcon_meta'
[0.626s] Level 1:colcon.colcon_core.package_identification:_identify(/workspace/docker/px4-simulator) by extensions ['ros']
[0.626s] Level 1:colcon.colcon_core.package_identification:_identify(/workspace/docker/px4-simulator) by extension 'ros'
[0.627s] Level 1:colcon.colcon_core.package_identification:_identify(/workspace/docker/px4-simulator) by extensions ['cmake', 'python']
[0.627s] Level 1:colcon.colcon_core.package_identification:_identify(/workspace/docker/px4-simulator) by extension 'cmake'
[0.627s] Level 1:colcon.colcon_core.package_identification:_identify(/workspace/docker/px4-simulator) by extension 'python'
[0.627s] Level 1:colcon.colcon_core.package_identification:_identify(/workspace/docker/px4-simulator) by extensions ['python_setup_py']
[0.628s] Level 1:colcon.colcon_core.package_identification:_identify(/workspace/docker/px4-simulator) by extension 'python_setup_py'
[0.628s] Level 1:colcon.colcon_core.package_identification:_identify(/workspace/docker/rl-agent) by extensions ['ignore', 'ignore_ament_install']
[0.629s] Level 1:colcon.colcon_core.package_identification:_identify(/workspace/docker/rl-agent) by extension 'ignore'
[0.629s] Level 1:colcon.colcon_core.package_identification:_identify(/workspace/docker/rl-agent) by extension 'ignore_ament_install'
[0.629s] Level 1:colcon.colcon_core.package_identification:_identify(/workspace/docker/rl-agent) by extensions ['colcon_pkg']
[0.629s] Level 1:colcon.colcon_core.package_identification:_identify(/workspace/docker/rl-agent) by extension 'colcon_pkg'
[0.630s] Level 1:colcon.colcon_core.package_identification:_identify(/workspace/docker/rl-agent) by extensions ['colcon_meta']
[0.630s] Level 1:colcon.colcon_core.package_identification:_identify(/workspace/docker/rl-agent) by extension 'colcon_meta'
[0.630s] Level 1:colcon.colcon_core.package_identification:_identify(/workspace/docker/rl-agent) by extensions ['ros']
[0.630s] Level 1:colcon.colcon_core.package_identification:_identify(/workspace/docker/rl-agent) by extension 'ros'
[0.631s] Level 1:colcon.colcon_core.package_identification:_identify(/workspace/docker/rl-agent) by extensions ['cmake', 'python']
[0.631s] Level 1:colcon.colcon_core.package_identification:_identify(/workspace/docker/rl-agent) by extension 'cmake'
[0.631s] Level 1:colcon.colcon_core.package_identification:_identify(/workspace/docker/rl-agent) by extension 'python'
[0.632s] Level 1:colcon.colcon_core.package_identification:_identify(/workspace/docker/rl-agent) by extensions ['python_setup_py']
[0.632s] Level 1:colcon.colcon_core.package_identification:_identify(/workspace/docker/rl-agent) by extension 'python_setup_py'
[0.632s] Level 1:colcon.colcon_core.package_identification:_identify(/workspace/docs) by extensions ['ignore', 'ignore_ament_install']
[0.633s] Level 1:colcon.colcon_core.package_identification:_identify(/workspace/docs) by extension 'ignore'
[0.633s] Level 1:colcon.colcon_core.package_identification:_identify(/workspace/docs) by extension 'ignore_ament_install'
[0.633s] Level 1:colcon.colcon_core.package_identification:_identify(/workspace/docs) by extensions ['colcon_pkg']
[0.634s] Level 1:colcon.colcon_core.package_identification:_identify(/workspace/docs) by extension 'colcon_pkg'
[0.634s] Level 1:colcon.colcon_core.package_identification:_identify(/workspace/docs) by extensions ['colcon_meta']
[0.634s] Level 1:colcon.colcon_core.package_identification:_identify(/workspace/docs) by extension 'colcon_meta'
[0.634s] Level 1:colcon.colcon_core.package_identification:_identify(/workspace/docs) by extensions ['ros']
[0.635s] Level 1:colcon.colcon_core.package_identification:_identify(/workspace/docs) by extension 'ros'
[0.635s] Level 1:colcon.colcon_core.package_identification:_identify(/workspace/docs) by extensions ['cmake', 'python']
[0.635s] Level 1:colcon.colcon_core.package_identification:_identify(/workspace/docs) by extension 'cmake'
[0.636s] Level 1:colcon.colcon_core.package_identification:_identify(/workspace/docs) by extension 'python'
[0.636s] Level 1:colcon.colcon_core.package_identification:_identify(/workspace/docs) by extensions ['python_setup_py']
[0.636s] Level 1:colcon.colcon_core.package_identification:_identify(/workspace/docs) by extension 'python_setup_py'
[0.637s] Level 1:colcon.colcon_core.package_identification:_identify(/workspace/install) by extensions ['ignore', 'ignore_ament_install']
[0.637s] Level 1:colcon.colcon_core.package_identification:_identify(/workspace/install) by extension 'ignore'
[0.637s] Level 1:colcon.colcon_core.package_identification:_identify(/workspace/install) ignored
[0.639s] Level 1:colcon.colcon_core.package_identification:_identify(/workspace/log) by extensions ['ignore', 'ignore_ament_install']
[0.639s] Level 1:colcon.colcon_core.package_identification:_identify(/workspace/log) by extension 'ignore'
[0.639s] Level 1:colcon.colcon_core.package_identification:_identify(/workspace/log) ignored
[0.640s] Level 1:colcon.colcon_core.package_identification:_identify(/workspace/logs) by extensions ['ignore', 'ignore_ament_install']
[0.640s] Level 1:colcon.colcon_core.package_identification:_identify(/workspace/logs) by extension 'ignore'
[0.640s] Level 1:colcon.colcon_core.package_identification:_identify(/workspace/logs) by extension 'ignore_ament_install'
[0.641s] Level 1:colcon.colcon_core.package_identification:_identify(/workspace/logs) by extensions ['colcon_pkg']
[0.641s] Level 1:colcon.colcon_core.package_identification:_identify(/workspace/logs) by extension 'colcon_pkg'
[0.641s] Level 1:colcon.colcon_core.package_identification:_identify(/workspace/logs) by extensions ['colcon_meta']
[0.641s] Level 1:colcon.colcon_core.package_identification:_identify(/workspace/logs) by extension 'colcon_meta'
[0.641s] Level 1:colcon.colcon_core.package_identification:_identify(/workspace/logs) by extensions ['ros']
[0.641s] Level 1:colcon.colcon_core.package_identification:_identify(/workspace/logs) by extension 'ros'
[0.641s] Level 1:colcon.colcon_core.package_identification:_identify(/workspace/logs) by extensions ['cmake', 'python']
[0.642s] Level 1:colcon.colcon_core.package_identification:_identify(/workspace/logs) by extension 'cmake'
[0.642s] Level 1:colcon.colcon_core.package_identification:_identify(/workspace/logs) by extension 'python'
[0.642s] Level 1:colcon.colcon_core.package_identification:_identify(/workspace/logs) by extensions ['python_setup_py']
[0.642s] Level 1:colcon.colcon_core.package_identification:_identify(/workspace/logs) by extension 'python_setup_py'
[0.643s] Level 1:colcon.colcon_core.package_identification:_identify(/workspace/models) by extensions ['ignore', 'ignore_ament_install']
[0.644s] Level 1:colcon.colcon_core.package_identification:_identify(/workspace/models) by extension 'ignore'
[0.644s] Level 1:colcon.colcon_core.package_identification:_identify(/workspace/models) by extension 'ignore_ament_install'
[0.644s] Level 1:colcon.colcon_core.package_identification:_identify(/workspace/models) by extensions ['colcon_pkg']
[0.644s] Level 1:colcon.colcon_core.package_identification:_identify(/workspace/models) by extension 'colcon_pkg'
[0.644s] Level 1:colcon.colcon_core.package_identification:_identify(/workspace/models) by extensions ['colcon_meta']
[0.644s] Level 1:colcon.colcon_core.package_identification:_identify(/workspace/models) by extension 'colcon_meta'
[0.645s] Level 1:colcon.colcon_core.package_identification:_identify(/workspace/models) by extensions ['ros']
[0.645s] Level 1:colcon.colcon_core.package_identification:_identify(/workspace/models) by extension 'ros'
[0.645s] Level 1:colcon.colcon_core.package_identification:_identify(/workspace/models) by extensions ['cmake', 'python']
[0.645s] Level 1:colcon.colcon_core.package_identification:_identify(/workspace/models) by extension 'cmake'
[0.646s] Level 1:colcon.colcon_core.package_identification:_identify(/workspace/models) by extension 'python'
[0.646s] Level 1:colcon.colcon_core.package_identification:_identify(/workspace/models) by extensions ['python_setup_py']
[0.646s] Level 1:colcon.colcon_core.package_identification:_identify(/workspace/models) by extension 'python_setup_py'
[0.647s] Level 1:colcon.colcon_core.package_identification:_identify(/workspace/rosdep) by extensions ['ignore', 'ignore_ament_install']
[0.647s] Level 1:colcon.colcon_core.package_identification:_identify(/workspace/rosdep) by extension 'ignore'
[0.647s] Level 1:colcon.colcon_core.package_identification:_identify(/workspace/rosdep) by extension 'ignore_ament_install'
[0.648s] Level 1:colcon.colcon_core.package_identification:_identify(/workspace/rosdep) by extensions ['colcon_pkg']
[0.648s] Level 1:colcon.colcon_core.package_identification:_identify(/workspace/rosdep) by extension 'colcon_pkg'
[0.648s] Level 1:colcon.colcon_core.package_identification:_identify(/workspace/rosdep) by extensions ['colcon_meta']
[0.648s] Level 1:colcon.colcon_core.package_identification:_identify(/workspace/rosdep) by extension 'colcon_meta'
[0.648s] Level 1:colcon.colcon_core.package_identification:_identify(/workspace/rosdep) by extensions ['ros']
[0.648s] Level 1:colcon.colcon_core.package_identification:_identify(/workspace/rosdep) by extension 'ros'
[0.649s] Level 1:colcon.colcon_core.package_identification:_identify(/workspace/rosdep) by extensions ['cmake', 'python']
[0.649s] Level 1:colcon.colcon_core.package_identification:_identify(/workspace/rosdep) by extension 'cmake'
[0.649s] Level 1:colcon.colcon_core.package_identification:_identify(/workspace/rosdep) by extension 'python'
[0.649s] Level 1:colcon.colcon_core.package_identification:_identify(/workspace/rosdep) by extensions ['python_setup_py']
[0.649s] Level 1:colcon.colcon_core.package_identification:_identify(/workspace/rosdep) by extension 'python_setup_py'
[0.650s] Level 1:colcon.colcon_core.package_identification:_identify(/workspace/src) by extensions ['ignore', 'ignore_ament_install']
[0.650s] Level 1:colcon.colcon_core.package_identification:_identify(/workspace/src) by extension 'ignore'
[0.650s] Level 1:colcon.colcon_core.package_identification:_identify(/workspace/src) by extension 'ignore_ament_install'
[0.650s] Level 1:colcon.colcon_core.package_identification:_identify(/workspace/src) by extensions ['colcon_pkg']
[0.650s] Level 1:colcon.colcon_core.package_identification:_identify(/workspace/src) by extension 'colcon_pkg'
[0.651s] Level 1:colcon.colcon_core.package_identification:_identify(/workspace/src) by extensions ['colcon_meta']
[0.651s] Level 1:colcon.colcon_core.package_identification:_identify(/workspace/src) by extension 'colcon_meta'
[0.651s] Level 1:colcon.colcon_core.package_identification:_identify(/workspace/src) by extensions ['ros']
[0.651s] Level 1:colcon.colcon_core.package_identification:_identify(/workspace/src) by extension 'ros'
[0.651s] Level 1:colcon.colcon_core.package_identification:_identify(/workspace/src) by extensions ['cmake', 'python']
[0.651s] Level 1:colcon.colcon_core.package_identification:_identify(/workspace/src) by extension 'cmake'
[0.652s] Level 1:colcon.colcon_core.package_identification:_identify(/workspace/src) by extension 'python'
[0.652s] Level 1:colcon.colcon_core.package_identification:_identify(/workspace/src) by extensions ['python_setup_py']
[0.652s] Level 1:colcon.colcon_core.package_identification:_identify(/workspace/src) by extension 'python_setup_py'
[0.653s] Level 1:colcon.colcon_core.package_identification:_identify(/workspace/src/angle_bridge) by extensions ['ignore', 'ignore_ament_install']
[0.653s] Level 1:colcon.colcon_core.package_identification:_identify(/workspace/src/angle_bridge) by extension 'ignore'
[0.653s] Level 1:colcon.colcon_core.package_identification:_identify(/workspace/src/angle_bridge) by extension 'ignore_ament_install'
[0.654s] Level 1:colcon.colcon_core.package_identification:_identify(/workspace/src/angle_bridge) by extensions ['colcon_pkg']
[0.654s] Level 1:colcon.colcon_core.package_identification:_identify(/workspace/src/angle_bridge) by extension 'colcon_pkg'
[0.654s] Level 1:colcon.colcon_core.package_identification:_identify(/workspace/src/angle_bridge) by extensions ['colcon_meta']
[0.654s] Level 1:colcon.colcon_core.package_identification:_identify(/workspace/src/angle_bridge) by extension 'colcon_meta'
[0.654s] Level 1:colcon.colcon_core.package_identification:_identify(/workspace/src/angle_bridge) by extensions ['ros']
[0.654s] Level 1:colcon.colcon_core.package_identification:_identify(/workspace/src/angle_bridge) by extension 'ros'
[0.657s] DEBUG:colcon.colcon_core.package_identification:Package '/workspace/src/angle_bridge' with type 'ros.ament_python' and name 'angle_bridge'
[0.658s] Level 1:colcon.colcon_core.package_identification:_identify(/workspace/src/command_bridge) by extensions ['ignore', 'ignore_ament_install']
[0.658s] Level 1:colcon.colcon_core.package_identification:_identify(/workspace/src/command_bridge) by extension 'ignore'
[0.659s] Level 1:colcon.colcon_core.package_identification:_identify(/workspace/src/command_bridge) by extension 'ignore_ament_install'
[0.659s] Level 1:colcon.colcon_core.package_identification:_identify(/workspace/src/command_bridge) by extensions ['colcon_pkg']
[0.659s] Level 1:colcon.colcon_core.package_identification:_identify(/workspace/src/command_bridge) by extension 'colcon_pkg'
[0.659s] Level 1:colcon.colcon_core.package_identification:_identify(/workspace/src/command_bridge) by extensions ['colcon_meta']
[0.659s] Level 1:colcon.colcon_core.package_identification:_identify(/workspace/src/command_bridge) by extension 'colcon_meta'
[0.660s] Level 1:colcon.colcon_core.package_identification:_identify(/workspace/src/command_bridge) by extensions ['ros']
[0.660s] Level 1:colcon.colcon_core.package_identification:_identify(/workspace/src/command_bridge) by extension 'ros'
[0.661s] DEBUG:colcon.colcon_core.package_identification:Package '/workspace/src/command_bridge' with type 'ros.ament_python' and name 'command_bridge'
[0.661s] Level 1:colcon.colcon_core.package_identification:_identify(/workspace/src/drone_msgs) by extensions ['ignore', 'ignore_ament_install']
[0.661s] Level 1:colcon.colcon_core.package_identification:_identify(/workspace/src/drone_msgs) by extension 'ignore'
[0.662s] Level 1:colcon.colcon_core.package_identification:_identify(/workspace/src/drone_msgs) by extension 'ignore_ament_install'
[0.662s] Level 1:colcon.colcon_core.package_identification:_identify(/workspace/src/drone_msgs) by extensions ['colcon_pkg']
[0.663s] Level 1:colcon.colcon_core.package_identification:_identify(/workspace/src/drone_msgs) by extension 'colcon_pkg'
[0.663s] Level 1:colcon.colcon_core.package_identification:_identify(/workspace/src/drone_msgs) by extensions ['colcon_meta']
[0.663s] Level 1:colcon.colcon_core.package_identification:_identify(/workspace/src/drone_msgs) by extension 'colcon_meta'
[0.663s] Level 1:colcon.colcon_core.package_identification:_identify(/workspace/src/drone_msgs) by extensions ['ros']
[0.663s] Level 1:colcon.colcon_core.package_identification:_identify(/workspace/src/drone_msgs) by extension 'ros'
[0.664s] DEBUG:colcon.colcon_core.package_identification:Package '/workspace/src/drone_msgs' with type 'ros.catkin' and name 'drone_msgs'
[0.665s] Level 1:colcon.colcon_core.package_identification:_identify(/workspace/src/outer_motor_bridge) by extensions ['ignore', 'ignore_ament_install']
[0.665s] Level 1:colcon.colcon_core.package_identification:_identify(/workspace/src/outer_motor_bridge) by extension 'ignore'
[0.666s] Level 1:colcon.colcon_core.package_identification:_identify(/workspace/src/outer_motor_bridge) by extension 'ignore_ament_install'
[0.666s] Level 1:colcon.colcon_core.package_identification:_identify(/workspace/src/outer_motor_bridge) by extensions ['colcon_pkg']
[0.666s] Level 1:colcon.colcon_core.package_identification:_identify(/workspace/src/outer_motor_bridge) by extension 'colcon_pkg'
[0.666s] Level 1:colcon.colcon_core.package_identification:_identify(/workspace/src/outer_motor_bridge) by extensions ['colcon_meta']
[0.666s] Level 1:colcon.colcon_core.package_identification:_identify(/workspace/src/outer_motor_bridge) by extension 'colcon_meta'
[0.667s] Level 1:colcon.colcon_core.package_identification:_identify(/workspace/src/outer_motor_bridge) by extensions ['ros']
[0.667s] Level 1:colcon.colcon_core.package_identification:_identify(/workspace/src/outer_motor_bridge) by extension 'ros'
[0.668s] DEBUG:colcon.colcon_core.package_identification:Package '/workspace/src/outer_motor_bridge' with type 'ros.ament_python' and name 'outer_motor_bridge'
[0.669s] Level 1:colcon.colcon_core.package_identification:_identify(/workspace/src/resource) by extensions ['ignore', 'ignore_ament_install']
[0.669s] Level 1:colcon.colcon_core.package_identification:_identify(/workspace/src/resource) by extension 'ignore'
[0.670s] Level 1:colcon.colcon_core.package_identification:_identify(/workspace/src/resource) by extension 'ignore_ament_install'
[0.670s] Level 1:colcon.colcon_core.package_identification:_identify(/workspace/src/resource) by extensions ['colcon_pkg']
[0.670s] Level 1:colcon.colcon_core.package_identification:_identify(/workspace/src/resource) by extension 'colcon_pkg'
[0.671s] Level 1:colcon.colcon_core.package_identification:_identify(/workspace/src/resource) by extensions ['colcon_meta']
[0.671s] Level 1:colcon.colcon_core.package_identification:_identify(/workspace/src/resource) by extension 'colcon_meta'
[0.671s] Level 1:colcon.colcon_core.package_identification:_identify(/workspace/src/resource) by extensions ['ros']
[0.671s] Level 1:colcon.colcon_core.package_identification:_identify(/workspace/src/resource) by extension 'ros'
[0.672s] Level 1:colcon.colcon_core.package_identification:_identify(/workspace/src/resource) by extensions ['cmake', 'python']
[0.672s] Level 1:colcon.colcon_core.package_identification:_identify(/workspace/src/resource) by extension 'cmake'
[0.672s] Level 1:colcon.colcon_core.package_identification:_identify(/workspace/src/resource) by extension 'python'
[0.673s] Level 1:colcon.colcon_core.package_identification:_identify(/workspace/src/resource) by extensions ['python_setup_py']
[0.673s] Level 1:colcon.colcon_core.package_identification:_identify(/workspace/src/resource) by extension 'python_setup_py'
[0.674s] Level 1:colcon.colcon_core.package_identification:_identify(/workspace/src/resource/outer_motor_bridge) by extensions ['ignore', 'ignore_ament_install']
[0.674s] Level 1:colcon.colcon_core.package_identification:_identify(/workspace/src/resource/outer_motor_bridge) by extension 'ignore'
[0.674s] Level 1:colcon.colcon_core.package_identification:_identify(/workspace/src/resource/outer_motor_bridge) by extension 'ignore_ament_install'
[0.674s] Level 1:colcon.colcon_core.package_identification:_identify(/workspace/src/resource/outer_motor_bridge) by extensions ['colcon_pkg']
[0.674s] Level 1:colcon.colcon_core.package_identification:_identify(/workspace/src/resource/outer_motor_bridge) by extension 'colcon_pkg'
[0.675s] Level 1:colcon.colcon_core.package_identification:_identify(/workspace/src/resource/outer_motor_bridge) by extensions ['colcon_meta']
[0.675s] Level 1:colcon.colcon_core.package_identification:_identify(/workspace/src/resource/outer_motor_bridge) by extension 'colcon_meta'
[0.675s] Level 1:colcon.colcon_core.package_identification:_identify(/workspace/src/resource/outer_motor_bridge) by extensions ['ros']
[0.675s] Level 1:colcon.colcon_core.package_identification:_identify(/workspace/src/resource/outer_motor_bridge) by extension 'ros'
[0.676s] Level 1:colcon.colcon_core.package_identification:_identify(/workspace/src/resource/outer_motor_bridge) by extensions ['cmake', 'python']
[0.676s] Level 1:colcon.colcon_core.package_identification:_identify(/workspace/src/resource/outer_motor_bridge) by extension 'cmake'
[0.676s] Level 1:colcon.colcon_core.package_identification:_identify(/workspace/src/resource/outer_motor_bridge) by extension 'python'
[0.676s] Level 1:colcon.colcon_core.package_identification:_identify(/workspace/src/resource/outer_motor_bridge) by extensions ['python_setup_py']
[0.676s] Level 1:colcon.colcon_core.package_identification:_identify(/workspace/src/resource/outer_motor_bridge) by extension 'python_setup_py'
[0.677s] Level 1:colcon.colcon_core.package_identification:_identify(/workspace/src/sim_launch) by extensions ['ignore', 'ignore_ament_install']
[0.678s] Level 1:colcon.colcon_core.package_identification:_identify(/workspace/src/sim_launch) by extension 'ignore'
[0.678s] Level 1:colcon.colcon_core.package_identification:_identify(/workspace/src/sim_launch) by extension 'ignore_ament_install'
[0.678s] Level 1:colcon.colcon_core.package_identification:_identify(/workspace/src/sim_launch) by extensions ['colcon_pkg']
[0.678s] Level 1:colcon.colcon_core.package_identification:_identify(/workspace/src/sim_launch) by extension 'colcon_pkg'
[0.679s] Level 1:colcon.colcon_core.package_identification:_identify(/workspace/src/sim_launch) by extensions ['colcon_meta']
[0.679s] Level 1:colcon.colcon_core.package_identification:_identify(/workspace/src/sim_launch) by extension 'colcon_meta'
[0.679s] Level 1:colcon.colcon_core.package_identification:_identify(/workspace/src/sim_launch) by extensions ['ros']
[0.679s] Level 1:colcon.colcon_core.package_identification:_identify(/workspace/src/sim_launch) by extension 'ros'
[0.680s] DEBUG:colcon.colcon_core.package_identification:Package '/workspace/src/sim_launch' with type 'ros.ament_python' and name 'sim_launch'
[0.681s] Level 1:colcon.colcon_core.package_identification:_identify(/workspace/src/state_bridge) by extensions ['ignore', 'ignore_ament_install']
[0.681s] Level 1:colcon.colcon_core.package_identification:_identify(/workspace/src/state_bridge) by extension 'ignore'
[0.681s] Level 1:colcon.colcon_core.package_identification:_identify(/workspace/src/state_bridge) by extension 'ignore_ament_install'
[0.682s] Level 1:colcon.colcon_core.package_identification:_identify(/workspace/src/state_bridge) by extensions ['colcon_pkg']
[0.682s] Level 1:colcon.colcon_core.package_identification:_identify(/workspace/src/state_bridge) by extension 'colcon_pkg'
[0.683s] Level 1:colcon.colcon_core.package_identification:_identify(/workspace/src/state_bridge) by extensions ['colcon_meta']
[0.683s] Level 1:colcon.colcon_core.package_identification:_identify(/workspace/src/state_bridge) by extension 'colcon_meta'
[0.683s] Level 1:colcon.colcon_core.package_identification:_identify(/workspace/src/state_bridge) by extensions ['ros']
[0.683s] Level 1:colcon.colcon_core.package_identification:_identify(/workspace/src/state_bridge) by extension 'ros'
[0.688s] DEBUG:colcon.colcon_core.package_identification:Package '/workspace/src/state_bridge' with type 'ros.ament_python' and name 'state_bridge'
[0.689s] Level 1:colcon.colcon_core.package_identification:_identify(/workspace/tests) by extensions ['ignore', 'ignore_ament_install']
[0.689s] Level 1:colcon.colcon_core.package_identification:_identify(/workspace/tests) by extension 'ignore'
[0.690s] Level 1:colcon.colcon_core.package_identification:_identify(/workspace/tests) by extension 'ignore_ament_install'
[0.690s] Level 1:colcon.colcon_core.package_identification:_identify(/workspace/tests) by extensions ['colcon_pkg']
[0.690s] Level 1:colcon.colcon_core.package_identification:_identify(/workspace/tests) by extension 'colcon_pkg'
[0.690s] Level 1:colcon.colcon_core.package_identification:_identify(/workspace/tests) by extensions ['colcon_meta']
[0.691s] Level 1:colcon.colcon_core.package_identification:_identify(/workspace/tests) by extension 'colcon_meta'
[0.691s] Level 1:colcon.colcon_core.package_identification:_identify(/workspace/tests) by extensions ['ros']
[0.691s] Level 1:colcon.colcon_core.package_identification:_identify(/workspace/tests) by extension 'ros'
[0.692s] Level 1:colcon.colcon_core.package_identification:_identify(/workspace/tests) by extensions ['cmake', 'python']
[0.693s] Level 1:colcon.colcon_core.package_identification:_identify(/workspace/tests) by extension 'cmake'
[0.693s] Level 1:colcon.colcon_core.package_identification:_identify(/workspace/tests) by extension 'python'
[0.693s] Level 1:colcon.colcon_core.package_identification:_identify(/workspace/tests) by extensions ['python_setup_py']
[0.693s] Level 1:colcon.colcon_core.package_identification:_identify(/workspace/tests) by extension 'python_setup_py'
[0.694s] Level 1:colcon.colcon_core.package_discovery:discover_packages(recursive) using defaults
