[1.054s] Invoking command in '/Users/koizumihinata/drone_avoidance_rl/build/common': PYTHONPATH=/Users/koizumihinata/drone_avoidance_rl/build/common/prefix_override:/Users/koizumihinata/.pyenv/versions/3.12.0/lib/python3.12/site-packages/colcon_core/task/python/colcon_distutils_commands:/Users/koizumihinata/drone_avoidance_rl/install/common/lib/python3.12/site-packages: SHLVL=2 _=/usr/bin/env /Users/koizumihinata/.pyenv/versions/3.12.0/bin/python -W ignore:setup.py install is deprecated -W ignore:easy_install command is deprecated setup.py develop --editable --build-directory /Users/koizumihinata/drone_avoidance_rl/build/common/build --no-deps symlink_data
[1.323s] /Users/koizumihinata/.pyenv/versions/3.12.0/lib/python3.12/site-packages/setuptools/_distutils/dist.py:270: UserWarning: Unknown distribution option: 'tests_require'
[1.324s]   warnings.warn(msg)
[1.468s] running develop
[1.637s] running egg_info
[1.654s] creating common.egg-info
[1.657s] writing common.egg-info/PKG-INFO
[1.658s] writing dependency_links to common.egg-info/dependency_links.txt
[1.658s] writing requirements to common.egg-info/requires.txt
[1.659s] writing top-level names to common.egg-info/top_level.txt
[1.660s] writing manifest file 'common.egg-info/SOURCES.txt'
[1.717s] reading manifest file 'common.egg-info/SOURCES.txt'
[1.718s] writing manifest file 'common.egg-info/SOURCES.txt'
[1.813s] running build_ext
[1.814s] Creating /Users/koizumihinata/drone_avoidance_rl/install/common/lib/python3.12/site-packages/common.egg-link (link to .)
[1.814s] 
[1.815s] Installed /Users/koizumihinata/drone_avoidance_rl/build/common
[1.816s] running symlink_data
[1.816s] creating /Users/koizumihinata/drone_avoidance_rl/install/common/share/common
[1.816s] symbolically linking /Users/koizumihinata/drone_avoidance_rl/build/common/package.xml -> /Users/koizumihinata/drone_avoidance_rl/install/common/share/common
[1.861s] Invoked command in '/Users/koizumihinata/drone_avoidance_rl/build/common' returned '0': PYTHONPATH=/Users/koizumihinata/drone_avoidance_rl/build/common/prefix_override:/Users/koizumihinata/.pyenv/versions/3.12.0/lib/python3.12/site-packages/colcon_core/task/python/colcon_distutils_commands:/Users/koizumihinata/drone_avoidance_rl/install/common/lib/python3.12/site-packages: SHLVL=2 _=/usr/bin/env /Users/koizumihinata/.pyenv/versions/3.12.0/bin/python -W ignore:setup.py install is deprecated -W ignore:easy_install command is deprecated setup.py develop --editable --build-directory /Users/koizumihinata/drone_avoidance_rl/build/common/build --no-deps symlink_data
